<?xml version="1.0" encoding="UTF-8"?>
<!-- Generated by org.testng.reporters.JUnitXMLReporter -->
<testsuite hostname="AU3POMP1DBQTL" ignored="0" name="Surefire test" tests="4" failures="1" timestamp="04 abr 2019 16:28:20 GMT" time="55.08" errors="0">
  <testcase name="loginTest" time="15.635" classname="com.sqa.automation.test.AdherenceTest"/>
  <testcase name="navegationTest" time="11.624" classname="com.sqa.automation.test.AdherenceTest"/>
  <testcase name="ValidateProcedure" time="3.759" classname="com.sqa.automation.test.AdherenceTest">
    <failure type="java.lang.AssertionError" message="null">
      <![CDATA[java.lang.AssertionError: null
at com.sqa.automation.test.AdherenceTest.ValidateProcedure(AdherenceTest.java:45)
... Removed 32 stack frames]]>
    </failure>
  </testcase> <!-- ValidateProcedure -->
  <testcase name="clouseAS400" time="6.905" classname="com.sqa.automation.test.AdherenceTest"/>
</testsuite> <!-- Surefire test -->
