<?xml version="1.0" encoding="UTF-8"?>
<testng-results skipped="0" failed="1" ignored="0" total="4" passed="3">
  <reporter-output>
  </reporter-output>
  <suite name="Surefire suite" duration-ms="55080" started-at="2019-04-04T16:27:25Z" finished-at="2019-04-04T16:28:20Z">
    <groups>
    </groups>
    <test name="Surefire test" duration-ms="55080" started-at="2019-04-04T16:27:25Z" finished-at="2019-04-04T16:28:20Z">
      <class name="com.sqa.automation.test.AdherenceTest">
        <test-method status="PASS" signature="setup()[pri:0, instance:com.sqa.automation.test.AdherenceTest@380fb434]" name="setup" is-config="true" duration-ms="16619" started-at="2019-04-04T16:27:25Z" finished-at="2019-04-04T16:27:41Z">
          <reporter-output>
          </reporter-output>
        </test-method> <!-- setup -->
        <test-method status="PASS" signature="loginTest()[pri:0, instance:com.sqa.automation.test.AdherenceTest@380fb434]" name="loginTest" duration-ms="15635" started-at="2019-04-04T16:27:42Z" finished-at="2019-04-04T16:27:57Z">
          <reporter-output>
          </reporter-output>
        </test-method> <!-- loginTest -->
        <test-method status="PASS" signature="navegationTest()[pri:1, instance:com.sqa.automation.test.AdherenceTest@380fb434]" name="navegationTest" duration-ms="11624" started-at="2019-04-04T16:27:57Z" finished-at="2019-04-04T16:28:09Z">
          <reporter-output>
          </reporter-output>
        </test-method> <!-- navegationTest -->
        <test-method status="FAIL" signature="ValidateProcedure()[pri:2, instance:com.sqa.automation.test.AdherenceTest@380fb434]" name="ValidateProcedure" duration-ms="3759" started-at="2019-04-04T16:28:09Z" finished-at="2019-04-04T16:28:13Z">
          <exception class="java.lang.AssertionError">
            <message>
              <![CDATA[null]]>
            </message>
            <full-stacktrace>
              <![CDATA[java.lang.AssertionError: null
at org.testng.Assert.fail(Assert.java:96)
at org.testng.Assert.assertNotEquals(Assert.java:1157)
at org.testng.Assert.assertNotEquals(Assert.java:1162)
at com.sqa.automation.test.AdherenceTest.ValidateProcedure(AdherenceTest.java:45)
at sun.reflect.NativeMethodAccessorImpl.invoke0(Native Method)
at sun.reflect.NativeMethodAccessorImpl.invoke(NativeMethodAccessorImpl.java:62)
at sun.reflect.DelegatingMethodAccessorImpl.invoke(DelegatingMethodAccessorImpl.java:43)
at java.lang.reflect.Method.invoke(Method.java:498)
at org.testng.internal.MethodInvocationHelper.invokeMethod(MethodInvocationHelper.java:124)
at org.testng.internal.Invoker.invokeMethod(Invoker.java:583)
at org.testng.internal.Invoker.invokeTestMethod(Invoker.java:719)
at org.testng.internal.Invoker.invokeTestMethods(Invoker.java:989)
at org.testng.internal.TestMethodWorker.invokeTestMethods(TestMethodWorker.java:125)
at org.testng.internal.TestMethodWorker.run(TestMethodWorker.java:109)
at org.testng.TestRunner.privateRun(TestRunner.java:648)
at org.testng.TestRunner.run(TestRunner.java:505)
at org.testng.SuiteRunner.runTest(SuiteRunner.java:455)
at org.testng.SuiteRunner.runSequentially(SuiteRunner.java:450)
at org.testng.SuiteRunner.privateRun(SuiteRunner.java:415)
at org.testng.SuiteRunner.run(SuiteRunner.java:364)
at org.testng.SuiteRunnerWorker.runSuite(SuiteRunnerWorker.java:52)
at org.testng.SuiteRunnerWorker.run(SuiteRunnerWorker.java:84)
at org.testng.TestNG.runSuitesSequentially(TestNG.java:1208)
at org.testng.TestNG.runSuitesLocally(TestNG.java:1137)
at org.testng.TestNG.runSuites(TestNG.java:1049)
at org.testng.TestNG.run(TestNG.java:1017)
at org.apache.maven.surefire.testng.TestNGExecutor.run(TestNGExecutor.java:132)
at org.apache.maven.surefire.testng.TestNGDirectoryTestSuite.executeMulti(TestNGDirectoryTestSuite.java:193)
at org.apache.maven.surefire.testng.TestNGDirectoryTestSuite.execute(TestNGDirectoryTestSuite.java:94)
at org.apache.maven.surefire.testng.TestNGProvider.invoke(TestNGProvider.java:147)
at org.apache.maven.surefire.booter.ForkedBooter.invokeProviderInSameClassLoader(ForkedBooter.java:290)
at org.apache.maven.surefire.booter.ForkedBooter.runSuitesInProcess(ForkedBooter.java:242)
at org.apache.maven.surefire.booter.ForkedBooter.main(ForkedBooter.java:121)
]]>
            </full-stacktrace>
          </exception> <!-- java.lang.AssertionError -->
          <reporter-output>
          </reporter-output>
        </test-method> <!-- ValidateProcedure -->
        <test-method status="PASS" signature="clouseAS400()[pri:3, instance:com.sqa.automation.test.AdherenceTest@380fb434]" name="clouseAS400" duration-ms="6905" started-at="2019-04-04T16:28:13Z" finished-at="2019-04-04T16:28:20Z">
          <reporter-output>
          </reporter-output>
        </test-method> <!-- clouseAS400 -->
        <test-method status="PASS" signature="teardown()[pri:0, instance:com.sqa.automation.test.AdherenceTest@380fb434]" name="teardown" is-config="true" duration-ms="1" started-at="2019-04-04T16:28:20Z" finished-at="2019-04-04T16:28:20Z">
          <reporter-output>
          </reporter-output>
        </test-method> <!-- teardown -->
      </class> <!-- com.sqa.automation.test.AdherenceTest -->
    </test> <!-- Surefire test -->
  </suite> <!-- Surefire suite -->
</testng-results>
